[90mTue, 19 Aug 2025 22:00:44 -0400[0m [32mINF[0m [1mgithub.com/Telmate/terraform-provider-proxmox/v2/proxmox/util.go:188[0m[36m >[0m [1mLogging Started. Root Logger Set to level info[0m
[90mTue, 19 Aug 2025 22:00:44 -0400[0m [32mINF[0m [1mgithub.com/Telmate/terraform-provider-proxmox/v2/proxmox/util.go:188[0m[36m >[0m [1mLogging Started. Root Logger Set to level info[0m
[90mTue, 19 Aug 2025 22:00:44 -0400[0m [32mINF[0m [1mgithub.com/Telmate/terraform-provider-proxmox/v2/proxmox/resource_vm_qemu.go:567[0m[36m >[0m [1mVM creation[0m [36mloggerName=[0mresource_vm_create [36mvmid=[0m
[90mTue, 19 Aug 2025 22:01:00 -0400[0m [32mINF[0m [1mgithub.com/Telmate/terraform-provider-proxmox/v2/proxmox/util.go:188[0m[36m >[0m [1mLogging Started. Root Logger Set to level info[0m
[90mTue, 19 Aug 2025 22:01:00 -0400[0m [32mINF[0m [1mgithub.com/Telmate/terraform-provider-proxmox/v2/proxmox/util.go:188[0m[36m >[0m [1mLogging Started. Root Logger Set to level info[0m
[90mTue, 19 Aug 2025 22:01:00 -0400[0m [32mINF[0m [1mgithub.com/Telmate/terraform-provider-proxmox/v2/proxmox/resource_vm_qemu.go:567[0m[36m >[0m [1mVM creation[0m [36mloggerName=[0mresource_vm_create [36mvmid=[0m
[90mTue, 19 Aug 2025 22:01:10 -0400[0m [32mINF[0m [1mgithub.com/Telmate/terraform-provider-proxmox/v2/proxmox/util.go:188[0m[36m >[0m [1mLogging Started. Root Logger Set to level info[0m
[90mTue, 19 Aug 2025 22:01:10 -0400[0m [32mINF[0m [1mgithub.com/Telmate/terraform-provider-proxmox/v2/proxmox/util.go:188[0m[36m >[0m [1mLogging Started. Root Logger Set to level info[0m
[90mTue, 19 Aug 2025 22:01:10 -0400[0m [32mINF[0m [1mgithub.com/Telmate/terraform-provider-proxmox/v2/proxmox/resource_vm_qemu.go:567[0m[36m >[0m [1mVM creation[0m [36mloggerName=[0mresource_vm_create [36mvmid=[0m
[90mTue, 19 Aug 2025 22:01:50 -0400[0m [32mINF[0m [1mgithub.com/Telmate/terraform-provider-proxmox/v2/proxmox/resource_vm_qemu.go:1023[0m[36m >[0m [1mReading configuration for vmid[0m [36mloggerName=[0mresource_vm_read [36mvmid=[0m9025
[90mTue, 19 Aug 2025 22:01:50 -0400[0m [32mINF[0m [1mgithub.com/Telmate/terraform-provider-proxmox/v2/proxmox/resource_vm_qemu.go:1389[0m[36m >[0m [1mtrying to get vm ip address for provisioner[0m [36mloggerName=[0minitConnInfo [36mvmid=[0m9025
[90mTue, 19 Aug 2025 22:03:45 -0400[0m [32mINF[0m [1mgithub.com/Telmate/terraform-provider-proxmox/v2/proxmox/util.go:188[0m[36m >[0m [1mLogging Started. Root Logger Set to level info[0m
[90mTue, 19 Aug 2025 22:03:45 -0400[0m [32mINF[0m [1mgithub.com/Telmate/terraform-provider-proxmox/v2/proxmox/resource_vm_qemu.go:1023[0m[36m >[0m [1mReading configuration for vmid[0m [36mloggerName=[0mresource_vm_read [36mvmid=[0m9025
[90mTue, 19 Aug 2025 22:03:45 -0400[0m [32mINF[0m [1mgithub.com/Telmate/terraform-provider-proxmox/v2/proxmox/util.go:188[0m[36m >[0m [1mLogging Started. Root Logger Set to level info[0m
[90mTue, 19 Aug 2025 22:03:46 -0400[0m [32mINF[0m [1mgithub.com/Telmate/terraform-provider-proxmox/v2/proxmox/resource_vm_qemu.go:567[0m[36m >[0m [1mVM creation[0m [36mloggerName=[0mresource_vm_create [36mvmid=[0m
[90mFri, 22 Aug 2025 13:24:17 -0400[0m [32mINF[0m [1mgithub.com/Telmate/terraform-provider-proxmox/v2/proxmox/util.go:188[0m[36m >[0m [1mLogging Started. Root Logger Set to level info[0m
[90mFri, 22 Aug 2025 13:24:17 -0400[0m [32mINF[0m [1mgithub.com/Telmate/terraform-provider-proxmox/v2/proxmox/resource_vm_qemu.go:1023[0m[36m >[0m [1mReading configuration for vmid[0m [36mloggerName=[0mresource_vm_read [36mvmid=[0m9025
[90mFri, 22 Aug 2025 13:27:09 -0400[0m [32mINF[0m [1mgithub.com/Telmate/terraform-provider-proxmox/v2/proxmox/util.go:188[0m[36m >[0m [1mLogging Started. Root Logger Set to level info[0m
[90mFri, 22 Aug 2025 13:27:09 -0400[0m [32mINF[0m [1mgithub.com/Telmate/terraform-provider-proxmox/v2/proxmox/util.go:188[0m[36m >[0m [1mLogging Started. Root Logger Set to level info[0m
[90mFri, 22 Aug 2025 13:27:09 -0400[0m [32mINF[0m [1mgithub.com/Telmate/terraform-provider-proxmox/v2/proxmox/resource_vm_qemu.go:567[0m[36m >[0m [1mVM creation[0m [36mloggerName=[0mresource_vm_create [36mvmid=[0m
[90mFri, 22 Aug 2025 13:29:32 -0400[0m [32mINF[0m [1mgithub.com/Telmate/terraform-provider-proxmox/v2/proxmox/util.go:188[0m[36m >[0m [1mLogging Started. Root Logger Set to level info[0m
[90mFri, 22 Aug 2025 13:29:32 -0400[0m [32mINF[0m [1mgithub.com/Telmate/terraform-provider-proxmox/v2/proxmox/resource_vm_qemu.go:1023[0m[36m >[0m [1mReading configuration for vmid[0m [36mloggerName=[0mresource_vm_read [36mvmid=[0m9025
[90mFri, 22 Aug 2025 13:29:33 -0400[0m [32mINF[0m [1mgithub.com/Telmate/terraform-provider-proxmox/v2/proxmox/util.go:188[0m[36m >[0m [1mLogging Started. Root Logger Set to level info[0m
[90mFri, 22 Aug 2025 13:29:35 -0400[0m [32mINF[0m [1mgithub.com/Telmate/terraform-provider-proxmox/v2/proxmox/resource_vm_qemu.go:567[0m[36m >[0m [1mVM creation[0m [36mloggerName=[0mresource_vm_create [36mvmid=[0m
[90mFri, 22 Aug 2025 13:30:23 -0400[0m [32mINF[0m [1mgithub.com/Telmate/terraform-provider-proxmox/v2/proxmox/util.go:188[0m[36m >[0m [1mLogging Started. Root Logger Set to level info[0m
[90mFri, 22 Aug 2025 13:30:23 -0400[0m [32mINF[0m [1mgithub.com/Telmate/terraform-provider-proxmox/v2/proxmox/resource_vm_qemu.go:1023[0m[36m >[0m [1mReading configuration for vmid[0m [36mloggerName=[0mresource_vm_read [36mvmid=[0m9025
[90mFri, 22 Aug 2025 13:30:24 -0400[0m [32mINF[0m [1mgithub.com/Telmate/terraform-provider-proxmox/v2/proxmox/util.go:188[0m[36m >[0m [1mLogging Started. Root Logger Set to level info[0m
[90mFri, 22 Aug 2025 13:30:27 -0400[0m [32mINF[0m [1mgithub.com/Telmate/terraform-provider-proxmox/v2/proxmox/resource_vm_qemu.go:567[0m[36m >[0m [1mVM creation[0m [36mloggerName=[0mresource_vm_create [36mvmid=[0m
[90mFri, 22 Aug 2025 13:31:07 -0400[0m [32mINF[0m [1mgithub.com/Telmate/terraform-provider-proxmox/v2/proxmox/resource_vm_qemu.go:1023[0m[36m >[0m [1mReading configuration for vmid[0m [36mloggerName=[0mresource_vm_read [36mvmid=[0m9025
[90mFri, 22 Aug 2025 13:31:07 -0400[0m [32mINF[0m [1mgithub.com/Telmate/terraform-provider-proxmox/v2/proxmox/resource_vm_qemu.go:1389[0m[36m >[0m [1mtrying to get vm ip address for provisioner[0m [36mloggerName=[0minitConnInfo [36mvmid=[0m9025
[90mFri, 22 Aug 2025 13:42:19 -0400[0m [32mINF[0m [1mgithub.com/Telmate/terraform-provider-proxmox/v2/proxmox/util.go:188[0m[36m >[0m [1mLogging Started. Root Logger Set to level info[0m
[90mFri, 22 Aug 2025 13:42:19 -0400[0m [32mINF[0m [1mgithub.com/Telmate/terraform-provider-proxmox/v2/proxmox/resource_vm_qemu.go:1023[0m[36m >[0m [1mReading configuration for vmid[0m [36mloggerName=[0mresource_vm_read [36mvmid=[0m9025
[90mFri, 22 Aug 2025 13:42:19 -0400[0m [32mINF[0m [1mgithub.com/Telmate/terraform-provider-proxmox/v2/proxmox/resource_vm_qemu.go:1389[0m[36m >[0m [1mtrying to get vm ip address for provisioner[0m [36mloggerName=[0minitConnInfo [36mvmid=[0m9025
[90mFri, 22 Aug 2025 13:43:56 -0400[0m [32mINF[0m [1mgithub.com/Telmate/terraform-provider-proxmox/v2/proxmox/util.go:188[0m[36m >[0m [1mLogging Started. Root Logger Set to level info[0m
[90mFri, 22 Aug 2025 13:49:13 -0400[0m [32mINF[0m [1mgithub.com/Telmate/terraform-provider-proxmox/v2/proxmox/util.go:188[0m[36m >[0m [1mLogging Started. Root Logger Set to level info[0m
[90mFri, 22 Aug 2025 13:49:13 -0400[0m [32mINF[0m [1mgithub.com/Telmate/terraform-provider-proxmox/v2/proxmox/resource_vm_qemu.go:1023[0m[36m >[0m [1mReading configuration for vmid[0m [36mloggerName=[0mresource_vm_read [36mvmid=[0m9025
[90mFri, 22 Aug 2025 13:49:17 -0400[0m [32mINF[0m [1mgithub.com/Telmate/terraform-provider-proxmox/v2/proxmox/util.go:188[0m[36m >[0m [1mLogging Started. Root Logger Set to level info[0m
[90mFri, 22 Aug 2025 13:49:18 -0400[0m [32mINF[0m [1mgithub.com/Telmate/terraform-provider-proxmox/v2/proxmox/util.go:188[0m[36m >[0m [1mLogging Started. Root Logger Set to level info[0m
[90mFri, 22 Aug 2025 13:49:18 -0400[0m [32mINF[0m [1mgithub.com/Telmate/terraform-provider-proxmox/v2/proxmox/resource_vm_qemu.go:567[0m[36m >[0m [1mVM creation[0m [36mloggerName=[0mresource_vm_create [36mvmid=[0m
[90mFri, 22 Aug 2025 13:50:44 -0400[0m [32mINF[0m [1mgithub.com/Telmate/terraform-provider-proxmox/v2/proxmox/util.go:188[0m[36m >[0m [1mLogging Started. Root Logger Set to level info[0m
[90mFri, 22 Aug 2025 13:50:44 -0400[0m [32mINF[0m [1mgithub.com/Telmate/terraform-provider-proxmox/v2/proxmox/resource_vm_qemu.go:1023[0m[36m >[0m [1mReading configuration for vmid[0m [36mloggerName=[0mresource_vm_read [36mvmid=[0m9025
[90mFri, 22 Aug 2025 13:50:44 -0400[0m [32mINF[0m [1mgithub.com/Telmate/terraform-provider-proxmox/v2/proxmox/util.go:188[0m[36m >[0m [1mLogging Started. Root Logger Set to level info[0m
[90mFri, 22 Aug 2025 13:50:44 -0400[0m [32mINF[0m [1mgithub.com/Telmate/terraform-provider-proxmox/v2/proxmox/resource_vm_qemu.go:567[0m[36m >[0m [1mVM creation[0m [36mloggerName=[0mresource_vm_create [36mvmid=[0m
[90mFri, 22 Aug 2025 13:51:04 -0400[0m [32mINF[0m [1mgithub.com/Telmate/terraform-provider-proxmox/v2/proxmox/resource_vm_qemu.go:1023[0m[36m >[0m [1mReading configuration for vmid[0m [36mloggerName=[0mresource_vm_read [36mvmid=[0m9025
[90mFri, 22 Aug 2025 13:51:04 -0400[0m [32mINF[0m [1mgithub.com/Telmate/terraform-provider-proxmox/v2/proxmox/resource_vm_qemu.go:1389[0m[36m >[0m [1mtrying to get vm ip address for provisioner[0m [36mloggerName=[0minitConnInfo [36mvmid=[0m9025
[90mFri, 22 Aug 2025 14:27:40 -0400[0m [32mINF[0m [1mgithub.com/Telmate/terraform-provider-proxmox/v2/proxmox/util.go:188[0m[36m >[0m [1mLogging Started. Root Logger Set to level info[0m
[90mFri, 22 Aug 2025 14:27:40 -0400[0m [32mINF[0m [1mgithub.com/Telmate/terraform-provider-proxmox/v2/proxmox/resource_vm_qemu.go:1023[0m[36m >[0m [1mReading configuration for vmid[0m [36mloggerName=[0mresource_vm_read [36mvmid=[0m9025
[90mFri, 22 Aug 2025 14:27:40 -0400[0m [32mINF[0m [1mgithub.com/Telmate/terraform-provider-proxmox/v2/proxmox/resource_vm_qemu.go:1389[0m[36m >[0m [1mtrying to get vm ip address for provisioner[0m [36mloggerName=[0minitConnInfo [36mvmid=[0m9025
[90mFri, 22 Aug 2025 14:32:27 -0400[0m [32mINF[0m [1mgithub.com/Telmate/terraform-provider-proxmox/v2/proxmox/util.go:188[0m[36m >[0m [1mLogging Started. Root Logger Set to level info[0m
[90mFri, 22 Aug 2025 14:32:27 -0400[0m [32mINF[0m [1mgithub.com/Telmate/terraform-provider-proxmox/v2/proxmox/resource_vm_qemu.go:1023[0m[36m >[0m [1mReading configuration for vmid[0m [36mloggerName=[0mresource_vm_read [36mvmid=[0m9025
[90mFri, 22 Aug 2025 14:32:27 -0400[0m [32mINF[0m [1mgithub.com/Telmate/terraform-provider-proxmox/v2/proxmox/util.go:188[0m[36m >[0m [1mLogging Started. Root Logger Set to level info[0m
[90mFri, 22 Aug 2025 14:32:28 -0400[0m [32mINF[0m [1mgithub.com/Telmate/terraform-provider-proxmox/v2/proxmox/resource_vm_qemu.go:567[0m[36m >[0m [1mVM creation[0m [36mloggerName=[0mresource_vm_create [36mvmid=[0m
[90mFri, 22 Aug 2025 14:33:10 -0400[0m [32mINF[0m [1mgithub.com/Telmate/terraform-provider-proxmox/v2/proxmox/resource_vm_qemu.go:1023[0m[36m >[0m [1mReading configuration for vmid[0m [36mloggerName=[0mresource_vm_read [36mvmid=[0m9025
[90mFri, 22 Aug 2025 14:33:10 -0400[0m [32mINF[0m [1mgithub.com/Telmate/terraform-provider-proxmox/v2/proxmox/resource_vm_qemu.go:1389[0m[36m >[0m [1mtrying to get vm ip address for provisioner[0m [36mloggerName=[0minitConnInfo [36mvmid=[0m9025
[90mFri, 22 Aug 2025 14:34:13 -0400[0m [32mINF[0m [1mgithub.com/Telmate/terraform-provider-proxmox/v2/proxmox/util.go:188[0m[36m >[0m [1mLogging Started. Root Logger Set to level info[0m
[90mFri, 22 Aug 2025 14:34:13 -0400[0m [32mINF[0m [1mgithub.com/Telmate/terraform-provider-proxmox/v2/proxmox/resource_vm_qemu.go:1023[0m[36m >[0m [1mReading configuration for vmid[0m [36mloggerName=[0mresource_vm_read [36mvmid=[0m9025
[90mFri, 22 Aug 2025 14:34:39 -0400[0m [32mINF[0m [1mgithub.com/Telmate/terraform-provider-proxmox/v2/proxmox/util.go:188[0m[36m >[0m [1mLogging Started. Root Logger Set to level info[0m
[90mFri, 22 Aug 2025 14:34:39 -0400[0m [32mINF[0m [1mgithub.com/Telmate/terraform-provider-proxmox/v2/proxmox/util.go:188[0m[36m >[0m [1mLogging Started. Root Logger Set to level info[0m
[90mFri, 22 Aug 2025 14:34:39 -0400[0m [32mINF[0m [1mgithub.com/Telmate/terraform-provider-proxmox/v2/proxmox/resource_vm_qemu.go:567[0m[36m >[0m [1mVM creation[0m [36mloggerName=[0mresource_vm_create [36mvmid=[0m
[90mFri, 22 Aug 2025 14:35:21 -0400[0m [32mINF[0m [1mgithub.com/Telmate/terraform-provider-proxmox/v2/proxmox/resource_vm_qemu.go:1023[0m[36m >[0m [1mReading configuration for vmid[0m [36mloggerName=[0mresource_vm_read [36mvmid=[0m9025
[90mFri, 22 Aug 2025 14:35:22 -0400[0m [32mINF[0m [1mgithub.com/Telmate/terraform-provider-proxmox/v2/proxmox/resource_vm_qemu.go:1389[0m[36m >[0m [1mtrying to get vm ip address for provisioner[0m [36mloggerName=[0minitConnInfo [36mvmid=[0m9025
[90mFri, 22 Aug 2025 14:37:30 -0400[0m [32mINF[0m [1mgithub.com/Telmate/terraform-provider-proxmox/v2/proxmox/util.go:188[0m[36m >[0m [1mLogging Started. Root Logger Set to level info[0m
[90mFri, 22 Aug 2025 14:37:30 -0400[0m [32mINF[0m [1mgithub.com/Telmate/terraform-provider-proxmox/v2/proxmox/resource_vm_qemu.go:1023[0m[36m >[0m [1mReading configuration for vmid[0m [36mloggerName=[0mresource_vm_read [36mvmid=[0m9025
[90mFri, 22 Aug 2025 14:37:30 -0400[0m [32mINF[0m [1mgithub.com/Telmate/terraform-provider-proxmox/v2/proxmox/util.go:188[0m[36m >[0m [1mLogging Started. Root Logger Set to level info[0m
[90mFri, 22 Aug 2025 14:37:30 -0400[0m [32mINF[0m [1mgithub.com/Telmate/terraform-provider-proxmox/v2/proxmox/resource_vm_qemu.go:567[0m[36m >[0m [1mVM creation[0m [36mloggerName=[0mresource_vm_create [36mvmid=[0m
[90mFri, 22 Aug 2025 14:40:02 -0400[0m [32mINF[0m [1mgithub.com/Telmate/terraform-provider-proxmox/v2/proxmox/util.go:188[0m[36m >[0m [1mLogging Started. Root Logger Set to level info[0m
[90mFri, 22 Aug 2025 14:40:02 -0400[0m [32mINF[0m [1mgithub.com/Telmate/terraform-provider-proxmox/v2/proxmox/resource_vm_qemu.go:1023[0m[36m >[0m [1mReading configuration for vmid[0m [36mloggerName=[0mresource_vm_read [36mvmid=[0m9025
[90mFri, 22 Aug 2025 14:40:02 -0400[0m [32mINF[0m [1mgithub.com/Telmate/terraform-provider-proxmox/v2/proxmox/util.go:188[0m[36m >[0m [1mLogging Started. Root Logger Set to level info[0m
[90mFri, 22 Aug 2025 14:40:04 -0400[0m [32mINF[0m [1mgithub.com/Telmate/terraform-provider-proxmox/v2/proxmox/resource_vm_qemu.go:567[0m[36m >[0m [1mVM creation[0m [36mloggerName=[0mresource_vm_create [36mvmid=[0m
[90mFri, 22 Aug 2025 14:41:48 -0400[0m [32mINF[0m [1mgithub.com/Telmate/terraform-provider-proxmox/v2/proxmox/util.go:188[0m[36m >[0m [1mLogging Started. Root Logger Set to level info[0m
[90mFri, 22 Aug 2025 14:41:48 -0400[0m [32mINF[0m [1mgithub.com/Telmate/terraform-provider-proxmox/v2/proxmox/resource_vm_qemu.go:1023[0m[36m >[0m [1mReading configuration for vmid[0m [36mloggerName=[0mresource_vm_read [36mvmid=[0m9025
[90mFri, 22 Aug 2025 14:41:49 -0400[0m [32mINF[0m [1mgithub.com/Telmate/terraform-provider-proxmox/v2/proxmox/util.go:188[0m[36m >[0m [1mLogging Started. Root Logger Set to level info[0m
[90mFri, 22 Aug 2025 14:41:51 -0400[0m [32mINF[0m [1mgithub.com/Telmate/terraform-provider-proxmox/v2/proxmox/resource_vm_qemu.go:567[0m[36m >[0m [1mVM creation[0m [36mloggerName=[0mresource_vm_create [36mvmid=[0m
[90mFri, 22 Aug 2025 14:42:41 -0400[0m [32mINF[0m [1mgithub.com/Telmate/terraform-provider-proxmox/v2/proxmox/util.go:188[0m[36m >[0m [1mLogging Started. Root Logger Set to level info[0m
[90mFri, 22 Aug 2025 14:42:42 -0400[0m [32mINF[0m [1mgithub.com/Telmate/terraform-provider-proxmox/v2/proxmox/resource_vm_qemu.go:1023[0m[36m >[0m [1mReading configuration for vmid[0m [36mloggerName=[0mresource_vm_read [36mvmid=[0m9025
[90mFri, 22 Aug 2025 14:42:42 -0400[0m [32mINF[0m [1mgithub.com/Telmate/terraform-provider-proxmox/v2/proxmox/util.go:188[0m[36m >[0m [1mLogging Started. Root Logger Set to level info[0m
[90mFri, 22 Aug 2025 14:42:44 -0400[0m [32mINF[0m [1mgithub.com/Telmate/terraform-provider-proxmox/v2/proxmox/resource_vm_qemu.go:567[0m[36m >[0m [1mVM creation[0m [36mloggerName=[0mresource_vm_create [36mvmid=[0m
[90mFri, 22 Aug 2025 14:43:24 -0400[0m [32mINF[0m [1mgithub.com/Telmate/terraform-provider-proxmox/v2/proxmox/resource_vm_qemu.go:1023[0m[36m >[0m [1mReading configuration for vmid[0m [36mloggerName=[0mresource_vm_read [36mvmid=[0m9025
[90mFri, 22 Aug 2025 14:43:25 -0400[0m [32mINF[0m [1mgithub.com/Telmate/terraform-provider-proxmox/v2/proxmox/resource_vm_qemu.go:1389[0m[36m >[0m [1mtrying to get vm ip address for provisioner[0m [36mloggerName=[0minitConnInfo [36mvmid=[0m9025
[90mFri, 22 Aug 2025 14:46:22 -0400[0m [32mINF[0m [1mgithub.com/Telmate/terraform-provider-proxmox/v2/proxmox/util.go:188[0m[36m >[0m [1mLogging Started. Root Logger Set to level info[0m
[90mFri, 22 Aug 2025 14:46:22 -0400[0m [32mINF[0m [1mgithub.com/Telmate/terraform-provider-proxmox/v2/proxmox/resource_vm_qemu.go:1023[0m[36m >[0m [1mReading configuration for vmid[0m [36mloggerName=[0mresource_vm_read [36mvmid=[0m9025
[90mFri, 22 Aug 2025 14:46:22 -0400[0m [32mINF[0m [1mgithub.com/Telmate/terraform-provider-proxmox/v2/proxmox/resource_vm_qemu.go:1389[0m[36m >[0m [1mtrying to get vm ip address for provisioner[0m [36mloggerName=[0minitConnInfo [36mvmid=[0m9025
[90mFri, 22 Aug 2025 14:47:56 -0400[0m [32mINF[0m [1mgithub.com/Telmate/terraform-provider-proxmox/v2/proxmox/util.go:188[0m[36m >[0m [1mLogging Started. Root Logger Set to level info[0m
[90mFri, 22 Aug 2025 14:47:57 -0400[0m [32mINF[0m [1mgithub.com/Telmate/terraform-provider-proxmox/v2/proxmox/util.go:188[0m[36m >[0m [1mLogging Started. Root Logger Set to level info[0m
[90mFri, 22 Aug 2025 14:51:28 -0400[0m [32mINF[0m [1mgithub.com/Telmate/terraform-provider-proxmox/v2/proxmox/util.go:188[0m[36m >[0m [1mLogging Started. Root Logger Set to level info[0m
[90mFri, 22 Aug 2025 14:51:28 -0400[0m [32mINF[0m [1mgithub.com/Telmate/terraform-provider-proxmox/v2/proxmox/util.go:188[0m[36m >[0m [1mLogging Started. Root Logger Set to level info[0m
[90mFri, 22 Aug 2025 14:51:28 -0400[0m [32mINF[0m [1mgithub.com/Telmate/terraform-provider-proxmox/v2/proxmox/resource_vm_qemu.go:567[0m[36m >[0m [1mVM creation[0m [36mloggerName=[0mresource_vm_create [36mvmid=[0m
[90mFri, 22 Aug 2025 14:52:10 -0400[0m [32mINF[0m [1mgithub.com/Telmate/terraform-provider-proxmox/v2/proxmox/resource_vm_qemu.go:1023[0m[36m >[0m [1mReading configuration for vmid[0m [36mloggerName=[0mresource_vm_read [36mvmid=[0m9025
[90mFri, 22 Aug 2025 14:52:10 -0400[0m [32mINF[0m [1mgithub.com/Telmate/terraform-provider-proxmox/v2/proxmox/resource_vm_qemu.go:1389[0m[36m >[0m [1mtrying to get vm ip address for provisioner[0m [36mloggerName=[0minitConnInfo [36mvmid=[0m9025
[90mFri, 22 Aug 2025 14:56:48 -0400[0m [32mINF[0m [1mgithub.com/Telmate/terraform-provider-proxmox/v2/proxmox/util.go:188[0m[36m >[0m [1mLogging Started. Root Logger Set to level info[0m
[90mFri, 22 Aug 2025 14:56:48 -0400[0m [32mINF[0m [1mgithub.com/Telmate/terraform-provider-proxmox/v2/proxmox/resource_vm_qemu.go:1023[0m[36m >[0m [1mReading configuration for vmid[0m [36mloggerName=[0mresource_vm_read [36mvmid=[0m9025
[90mFri, 22 Aug 2025 14:56:48 -0400[0m [32mINF[0m [1mgithub.com/Telmate/terraform-provider-proxmox/v2/proxmox/resource_vm_qemu.go:1389[0m[36m >[0m [1mtrying to get vm ip address for provisioner[0m [36mloggerName=[0minitConnInfo [36mvmid=[0m9025
[90mFri, 22 Aug 2025 14:58:23 -0400[0m [32mINF[0m [1mgithub.com/Telmate/terraform-provider-proxmox/v2/proxmox/util.go:188[0m[36m >[0m [1mLogging Started. Root Logger Set to level info[0m
[90mFri, 22 Aug 2025 14:58:23 -0400[0m [32mINF[0m [1mgithub.com/Telmate/terraform-provider-proxmox/v2/proxmox/util.go:188[0m[36m >[0m [1mLogging Started. Root Logger Set to level info[0m
[90mFri, 22 Aug 2025 15:20:46 -0400[0m [32mINF[0m [1mgithub.com/Telmate/terraform-provider-proxmox/v2/proxmox/util.go:188[0m[36m >[0m [1mLogging Started. Root Logger Set to level info[0m
[90mFri, 22 Aug 2025 15:20:46 -0400[0m [32mINF[0m [1mgithub.com/Telmate/terraform-provider-proxmox/v2/proxmox/util.go:188[0m[36m >[0m [1mLogging Started. Root Logger Set to level info[0m
[90mFri, 22 Aug 2025 15:20:46 -0400[0m [32mINF[0m [1mgithub.com/Telmate/terraform-provider-proxmox/v2/proxmox/resource_vm_qemu.go:567[0m[36m >[0m [1mVM creation[0m [36mloggerName=[0mresource_vm_create [36mvmid=[0m
[90mFri, 22 Aug 2025 15:22:17 -0400[0m [32mINF[0m [1mgithub.com/Telmate/terraform-provider-proxmox/v2/proxmox/util.go:188[0m[36m >[0m [1mLogging Started. Root Logger Set to level info[0m
[90mFri, 22 Aug 2025 15:22:17 -0400[0m [32mINF[0m [1mgithub.com/Telmate/terraform-provider-proxmox/v2/proxmox/util.go:188[0m[36m >[0m [1mLogging Started. Root Logger Set to level info[0m
[90mFri, 22 Aug 2025 15:22:17 -0400[0m [32mINF[0m [1mgithub.com/Telmate/terraform-provider-proxmox/v2/proxmox/resource_vm_qemu.go:567[0m[36m >[0m [1mVM creation[0m [36mloggerName=[0mresource_vm_create [36mvmid=[0m
[90mFri, 22 Aug 2025 15:24:28 -0400[0m [32mINF[0m [1mgithub.com/Telmate/terraform-provider-proxmox/v2/proxmox/util.go:188[0m[36m >[0m [1mLogging Started. Root Logger Set to level info[0m
[90mFri, 22 Aug 2025 15:24:28 -0400[0m [32mINF[0m [1mgithub.com/Telmate/terraform-provider-proxmox/v2/proxmox/util.go:188[0m[36m >[0m [1mLogging Started. Root Logger Set to level info[0m
[90mFri, 22 Aug 2025 15:24:28 -0400[0m [32mINF[0m [1mgithub.com/Telmate/terraform-provider-proxmox/v2/proxmox/resource_vm_qemu.go:567[0m[36m >[0m [1mVM creation[0m [36mloggerName=[0mresource_vm_create [36mvmid=[0m
[90mFri, 22 Aug 2025 15:25:10 -0400[0m [32mINF[0m [1mgithub.com/Telmate/terraform-provider-proxmox/v2/proxmox/resource_vm_qemu.go:1023[0m[36m >[0m [1mReading configuration for vmid[0m [36mloggerName=[0mresource_vm_read [36mvmid=[0m9025
[90mFri, 22 Aug 2025 15:25:10 -0400[0m [32mINF[0m [1mgithub.com/Telmate/terraform-provider-proxmox/v2/proxmox/resource_vm_qemu.go:1389[0m[36m >[0m [1mtrying to get vm ip address for provisioner[0m [36mloggerName=[0minitConnInfo [36mvmid=[0m9025
[90mFri, 22 Aug 2025 15:27:12 -0400[0m [32mINF[0m [1mgithub.com/Telmate/terraform-provider-proxmox/v2/proxmox/util.go:188[0m[36m >[0m [1mLogging Started. Root Logger Set to level info[0m
[90mFri, 22 Aug 2025 15:27:12 -0400[0m [32mINF[0m [1mgithub.com/Telmate/terraform-provider-proxmox/v2/proxmox/resource_vm_qemu.go:1023[0m[36m >[0m [1mReading configuration for vmid[0m [36mloggerName=[0mresource_vm_read [36mvmid=[0m9025
[90mFri, 22 Aug 2025 15:27:12 -0400[0m [32mINF[0m [1mgithub.com/Telmate/terraform-provider-proxmox/v2/proxmox/resource_vm_qemu.go:1389[0m[36m >[0m [1mtrying to get vm ip address for provisioner[0m [36mloggerName=[0minitConnInfo [36mvmid=[0m9025
[90mFri, 22 Aug 2025 15:28:47 -0400[0m [32mINF[0m [1mgithub.com/Telmate/terraform-provider-proxmox/v2/proxmox/util.go:188[0m[36m >[0m [1mLogging Started. Root Logger Set to level info[0m
[90mFri, 22 Aug 2025 15:28:47 -0400[0m [32mINF[0m [1mgithub.com/Telmate/terraform-provider-proxmox/v2/proxmox/util.go:188[0m[36m >[0m [1mLogging Started. Root Logger Set to level info[0m
[90mFri, 22 Aug 2025 15:29:13 -0400[0m [32mINF[0m [1mgithub.com/Telmate/terraform-provider-proxmox/v2/proxmox/util.go:188[0m[36m >[0m [1mLogging Started. Root Logger Set to level info[0m
[90mFri, 22 Aug 2025 15:29:13 -0400[0m [32mINF[0m [1mgithub.com/Telmate/terraform-provider-proxmox/v2/proxmox/util.go:188[0m[36m >[0m [1mLogging Started. Root Logger Set to level info[0m
[90mFri, 22 Aug 2025 15:29:14 -0400[0m [32mINF[0m [1mgithub.com/Telmate/terraform-provider-proxmox/v2/proxmox/resource_vm_qemu.go:567[0m[36m >[0m [1mVM creation[0m [36mloggerName=[0mresource_vm_create [36mvmid=[0m
[90mFri, 22 Aug 2025 15:29:54 -0400[0m [32mINF[0m [1mgithub.com/Telmate/terraform-provider-proxmox/v2/proxmox/resource_vm_qemu.go:1023[0m[36m >[0m [1mReading configuration for vmid[0m [36mloggerName=[0mresource_vm_read [36mvmid=[0m9025
[90mFri, 22 Aug 2025 15:29:54 -0400[0m [32mINF[0m [1mgithub.com/Telmate/terraform-provider-proxmox/v2/proxmox/resource_vm_qemu.go:1389[0m[36m >[0m [1mtrying to get vm ip address for provisioner[0m [36mloggerName=[0minitConnInfo [36mvmid=[0m9025
[90mFri, 22 Aug 2025 15:32:38 -0400[0m [32mINF[0m [1mgithub.com/Telmate/terraform-provider-proxmox/v2/proxmox/util.go:188[0m[36m >[0m [1mLogging Started. Root Logger Set to level info[0m
[90mFri, 22 Aug 2025 15:32:38 -0400[0m [32mINF[0m [1mgithub.com/Telmate/terraform-provider-proxmox/v2/proxmox/resource_vm_qemu.go:1023[0m[36m >[0m [1mReading configuration for vmid[0m [36mloggerName=[0mresource_vm_read [36mvmid=[0m9025
[90mFri, 22 Aug 2025 15:32:38 -0400[0m [32mINF[0m [1mgithub.com/Telmate/terraform-provider-proxmox/v2/proxmox/resource_vm_qemu.go:1389[0m[36m >[0m [1mtrying to get vm ip address for provisioner[0m [36mloggerName=[0minitConnInfo [36mvmid=[0m9025
[90mFri, 22 Aug 2025 15:34:14 -0400[0m [32mINF[0m [1mgithub.com/Telmate/terraform-provider-proxmox/v2/proxmox/util.go:188[0m[36m >[0m [1mLogging Started. Root Logger Set to level info[0m
[90mFri, 22 Aug 2025 15:34:14 -0400[0m [32mINF[0m [1mgithub.com/Telmate/terraform-provider-proxmox/v2/proxmox/util.go:188[0m[36m >[0m [1mLogging Started. Root Logger Set to level info[0m
[90mFri, 22 Aug 2025 16:02:56 -0400[0m [32mINF[0m [1mgithub.com/Telmate/terraform-provider-proxmox/v2/proxmox/util.go:188[0m[36m >[0m [1mLogging Started. Root Logger Set to level info[0m
[90mFri, 22 Aug 2025 16:02:56 -0400[0m [32mINF[0m [1mgithub.com/Telmate/terraform-provider-proxmox/v2/proxmox/util.go:188[0m[36m >[0m [1mLogging Started. Root Logger Set to level info[0m
[90mFri, 22 Aug 2025 16:02:56 -0400[0m [32mINF[0m [1mgithub.com/Telmate/terraform-provider-proxmox/v2/proxmox/resource_vm_qemu.go:567[0m[36m >[0m [1mVM creation[0m [36mloggerName=[0mresource_vm_create [36mvmid=[0m
[90mFri, 22 Aug 2025 16:03:39 -0400[0m [32mINF[0m [1mgithub.com/Telmate/terraform-provider-proxmox/v2/proxmox/resource_vm_qemu.go:1023[0m[36m >[0m [1mReading configuration for vmid[0m [36mloggerName=[0mresource_vm_read [36mvmid=[0m9025
[90mFri, 22 Aug 2025 16:03:39 -0400[0m [32mINF[0m [1mgithub.com/Telmate/terraform-provider-proxmox/v2/proxmox/resource_vm_qemu.go:1389[0m[36m >[0m [1mtrying to get vm ip address for provisioner[0m [36mloggerName=[0minitConnInfo [36mvmid=[0m9025
[90mFri, 22 Aug 2025 16:05:39 -0400[0m [32mINF[0m [1mgithub.com/Telmate/terraform-provider-proxmox/v2/proxmox/util.go:188[0m[36m >[0m [1mLogging Started. Root Logger Set to level info[0m
[90mFri, 22 Aug 2025 16:05:39 -0400[0m [32mINF[0m [1mgithub.com/Telmate/terraform-provider-proxmox/v2/proxmox/resource_vm_qemu.go:1023[0m[36m >[0m [1mReading configuration for vmid[0m [36mloggerName=[0mresource_vm_read [36mvmid=[0m9025
[90mFri, 22 Aug 2025 16:05:39 -0400[0m [32mINF[0m [1mgithub.com/Telmate/terraform-provider-proxmox/v2/proxmox/resource_vm_qemu.go:1389[0m[36m >[0m [1mtrying to get vm ip address for provisioner[0m [36mloggerName=[0minitConnInfo [36mvmid=[0m9025
[90mFri, 22 Aug 2025 16:07:13 -0400[0m [32mINF[0m [1mgithub.com/Telmate/terraform-provider-proxmox/v2/proxmox/util.go:188[0m[36m >[0m [1mLogging Started. Root Logger Set to level info[0m
[90mFri, 22 Aug 2025 16:07:13 -0400[0m [32mINF[0m [1mgithub.com/Telmate/terraform-provider-proxmox/v2/proxmox/util.go:188[0m[36m >[0m [1mLogging Started. Root Logger Set to level info[0m
